1:C 04 Jan 2025 11:04:22.884 * oO0OoO0OoO0Oo Redis is starting oO0OoO0OoO0Oo
1:C 04 Jan 2025 11:04:22.885 * Redis version=7.4.1, bits=64, commit=00000000, modified=0, pid=1, just started
1:C 04 Jan 2025 11:04:22.886 * Configuration loaded
1:M 04 Jan 2025 11:04:22.887 * monotonic clock: POSIX clock_gettime
1:M 04 Jan 2025 11:04:22.889 # Failed to write PID file: Permission denied
                _._                                                  
           _.-``__ ''-._                                             
      _.-``    `.  `_.  ''-._           Redis Community Edition      
  .-`` .-```.  ```\/    _.,_ ''-._     7.4.1 (00000000/0) 64 bit
 (    '      ,       .-`  | `,    )     Running in standalone mode
 |`-._`-...-` __...-.``-._|'` _.-'|     Port: 6379
 |    `-._   `._    /     _.-'    |     PID: 1
  `-._    `-._  `-./  _.-'    _.-'                                   
 |`-._`-._    `-.__.-'    _.-'_.-'|                                  
 |    `-._`-._        _.-'_.-'    |           https://redis.io       
  `-._    `-._`-.__.-'_.-'    _.-'                                   
 |`-._`-._    `-.__.-'    _.-'_.-'|                                  
 |    `-._`-._        _.-'_.-'    |                                  
  `-._    `-._`-.__.-'_.-'    _.-'                                   
      `-._    `-.__.-'    _.-'                                       
          `-._        _.-'                                           
              `-.__.-'                                               

1:M 04 Jan 2025 11:04:22.891 * Server initialized
1:M 04 Jan 2025 11:04:22.898 * Creating AOF base file appendonly.aof.1.base.rdb on server start
1:M 04 Jan 2025 11:04:22.907 * Creating AOF incr file appendonly.aof.1.incr.aof on server start
1:M 04 Jan 2025 11:04:22.908 * Ready to accept connections tcp
1:signal-handler (1735990423) Received SIGTERM scheduling shutdown...
1:M 04 Jan 2025 11:33:43.789 * User requested shutdown...
1:M 04 Jan 2025 11:33:43.790 * Calling fsync() on the AOF file.
1:M 04 Jan 2025 11:33:43.792 * Saving the final RDB snapshot before exiting.
1:M 04 Jan 2025 11:33:43.796 * DB saved on disk
1:M 04 Jan 2025 11:33:43.797 * Removing the pid file.
1:M 04 Jan 2025 11:33:43.798 # Redis is now ready to exit, bye bye...
1:C 04 Jan 2025 11:45:58.406 * oO0OoO0OoO0Oo Redis is starting oO0OoO0OoO0Oo
1:C 04 Jan 2025 11:45:58.408 * Redis version=7.4.1, bits=64, commit=00000000, modified=0, pid=1, just started
1:C 04 Jan 2025 11:45:58.409 * Configuration loaded
1:M 04 Jan 2025 11:45:58.410 * monotonic clock: POSIX clock_gettime
1:M 04 Jan 2025 11:45:58.413 # Failed to write PID file: Permission denied
                _._                                                  
           _.-``__ ''-._                                             
      _.-``    `.  `_.  ''-._           Redis Community Edition      
  .-`` .-```.  ```\/    _.,_ ''-._     7.4.1 (00000000/0) 64 bit
 (    '      ,       .-`  | `,    )     Running in standalone mode
 |`-._`-...-` __...-.``-._|'` _.-'|     Port: 6379
 |    `-._   `._    /     _.-'    |     PID: 1
  `-._    `-._  `-./  _.-'    _.-'                                   
 |`-._`-._    `-.__.-'    _.-'_.-'|                                  
 |    `-._`-._        _.-'_.-'    |           https://redis.io       
  `-._    `-._`-.__.-'_.-'    _.-'                                   
 |`-._`-._    `-.__.-'    _.-'_.-'|                                  
 |    `-._`-._        _.-'_.-'    |                                  
  `-._    `-._`-.__.-'_.-'    _.-'                                   
      `-._    `-.__.-'    _.-'                                       
          `-._        _.-'                                           
              `-.__.-'                                               

1:M 04 Jan 2025 11:45:58.416 * Server initialized
1:M 04 Jan 2025 11:45:58.425 * Reading RDB base file on AOF loading...
1:M 04 Jan 2025 11:45:58.426 * Loading RDB produced by version 7.4.1
1:M 04 Jan 2025 11:45:58.428 * RDB age 2496 seconds
1:M 04 Jan 2025 11:45:58.428 * RDB memory usage when created 0.90 Mb
1:M 04 Jan 2025 11:45:58.429 * RDB is base AOF
1:M 04 Jan 2025 11:45:58.430 * Done loading RDB, keys loaded: 0, keys expired: 0.
1:M 04 Jan 2025 11:45:58.432 * DB loaded from base file appendonly.aof.1.base.rdb: 0.008 seconds
1:M 04 Jan 2025 11:45:58.435 * DB loaded from append only file: 0.014 seconds
1:M 04 Jan 2025 11:45:58.438 * Opening AOF incr file appendonly.aof.1.incr.aof on server start
1:M 04 Jan 2025 11:45:58.439 * Ready to accept connections tcp
1:signal-handler (1735991656) Received SIGTERM scheduling shutdown...
1:M 04 Jan 2025 11:54:16.774 * User requested shutdown...
1:M 04 Jan 2025 11:54:16.775 * Calling fsync() on the AOF file.
1:M 04 Jan 2025 11:54:16.777 * Saving the final RDB snapshot before exiting.
1:M 04 Jan 2025 11:54:16.785 * DB saved on disk
1:M 04 Jan 2025 11:54:16.786 * Removing the pid file.
1:M 04 Jan 2025 11:54:16.787 # Redis is now ready to exit, bye bye...
1:C 04 Jan 2025 11:55:17.591 * oO0OoO0OoO0Oo Redis is starting oO0OoO0OoO0Oo
1:C 04 Jan 2025 11:55:17.592 * Redis version=7.4.1, bits=64, commit=00000000, modified=0, pid=1, just started
1:C 04 Jan 2025 11:55:17.593 * Configuration loaded
1:M 04 Jan 2025 11:55:17.594 * monotonic clock: POSIX clock_gettime
1:M 04 Jan 2025 11:55:17.596 # Failed to write PID file: Permission denied
                _._                                                  
           _.-``__ ''-._                                             
      _.-``    `.  `_.  ''-._           Redis Community Edition      
  .-`` .-```.  ```\/    _.,_ ''-._     7.4.1 (00000000/0) 64 bit
 (    '      ,       .-`  | `,    )     Running in standalone mode
 |`-._`-...-` __...-.``-._|'` _.-'|     Port: 6379
 |    `-._   `._    /     _.-'    |     PID: 1
  `-._    `-._  `-./  _.-'    _.-'                                   
 |`-._`-._    `-.__.-'    _.-'_.-'|                                  
 |    `-._`-._        _.-'_.-'    |           https://redis.io       
  `-._    `-._`-.__.-'_.-'    _.-'                                   
 |`-._`-._    `-.__.-'    _.-'_.-'|                                  
 |    `-._`-._        _.-'_.-'    |                                  
  `-._    `-._`-.__.-'_.-'    _.-'                                   
      `-._    `-.__.-'    _.-'                                       
          `-._        _.-'                                           
              `-.__.-'                                               

1:M 04 Jan 2025 11:55:17.598 * Server initialized
1:M 04 Jan 2025 11:55:17.607 * Reading RDB base file on AOF loading...
1:M 04 Jan 2025 11:55:17.608 * Loading RDB produced by version 7.4.1
1:M 04 Jan 2025 11:55:17.609 * RDB age 3055 seconds
1:M 04 Jan 2025 11:55:17.610 * RDB memory usage when created 0.90 Mb
1:M 04 Jan 2025 11:55:17.611 * RDB is base AOF
1:M 04 Jan 2025 11:55:17.613 * Done loading RDB, keys loaded: 0, keys expired: 0.
1:M 04 Jan 2025 11:55:17.615 * DB loaded from base file appendonly.aof.1.base.rdb: 0.009 seconds
1:M 04 Jan 2025 11:55:17.617 * DB loaded from append only file: 0.015 seconds
1:M 04 Jan 2025 11:55:17.620 * Opening AOF incr file appendonly.aof.1.incr.aof on server start
1:M 04 Jan 2025 11:55:17.621 * Ready to accept connections tcp
1:signal-handler (1735996805) Received SIGTERM scheduling shutdown...
1:M 04 Jan 2025 13:20:05.661 * User requested shutdown...
1:M 04 Jan 2025 13:20:05.662 * Calling fsync() on the AOF file.
1:M 04 Jan 2025 13:20:05.664 * Saving the final RDB snapshot before exiting.
1:M 04 Jan 2025 13:20:05.671 * DB saved on disk
1:M 04 Jan 2025 13:20:05.672 * Removing the pid file.
1:M 04 Jan 2025 13:20:05.672 # Redis is now ready to exit, bye bye...
1:C 04 Jan 2025 13:20:14.582 * oO0OoO0OoO0Oo Redis is starting oO0OoO0OoO0Oo
1:C 04 Jan 2025 13:20:14.584 * Redis version=7.4.1, bits=64, commit=00000000, modified=0, pid=1, just started
1:C 04 Jan 2025 13:20:14.585 * Configuration loaded
1:M 04 Jan 2025 13:20:14.586 * monotonic clock: POSIX clock_gettime
1:M 04 Jan 2025 13:20:14.589 # Failed to write PID file: Permission denied
                _._                                                  
           _.-``__ ''-._                                             
      _.-``    `.  `_.  ''-._           Redis Community Edition      
  .-`` .-```.  ```\/    _.,_ ''-._     7.4.1 (00000000/0) 64 bit
 (    '      ,       .-`  | `,    )     Running in standalone mode
 |`-._`-...-` __...-.``-._|'` _.-'|     Port: 6379
 |    `-._   `._    /     _.-'    |     PID: 1
  `-._    `-._  `-./  _.-'    _.-'                                   
 |`-._`-._    `-.__.-'    _.-'_.-'|                                  
 |    `-._`-._        _.-'_.-'    |           https://redis.io       
  `-._    `-._`-.__.-'_.-'    _.-'                                   
 |`-._`-._    `-.__.-'    _.-'_.-'|                                  
 |    `-._`-._        _.-'_.-'    |                                  
  `-._    `-._`-.__.-'_.-'    _.-'                                   
      `-._    `-.__.-'    _.-'                                       
          `-._        _.-'                                           
              `-.__.-'                                               

1:M 04 Jan 2025 13:20:14.592 * Server initialized
1:M 04 Jan 2025 13:20:14.603 * Reading RDB base file on AOF loading...
1:M 04 Jan 2025 13:20:14.604 * Loading RDB produced by version 7.4.1
1:M 04 Jan 2025 13:20:14.605 * RDB age 8152 seconds
1:M 04 Jan 2025 13:20:14.606 * RDB memory usage when created 0.90 Mb
1:M 04 Jan 2025 13:20:14.607 * RDB is base AOF
1:M 04 Jan 2025 13:20:14.608 * Done loading RDB, keys loaded: 0, keys expired: 0.
1:M 04 Jan 2025 13:20:14.610 * DB loaded from base file appendonly.aof.1.base.rdb: 0.009 seconds
1:M 04 Jan 2025 13:20:14.612 * DB loaded from append only file: 0.016 seconds
1:M 04 Jan 2025 13:20:14.616 * Opening AOF incr file appendonly.aof.1.incr.aof on server start
1:M 04 Jan 2025 13:20:14.617 * Ready to accept connections tcp
1:signal-handler (1735996835) Received SIGTERM scheduling shutdown...
1:M 04 Jan 2025 13:20:35.672 * User requested shutdown...
1:M 04 Jan 2025 13:20:35.673 * Calling fsync() on the AOF file.
1:M 04 Jan 2025 13:20:35.675 * Saving the final RDB snapshot before exiting.
1:M 04 Jan 2025 13:20:35.679 * DB saved on disk
1:M 04 Jan 2025 13:20:35.680 * Removing the pid file.
1:M 04 Jan 2025 13:20:35.681 # Redis is now ready to exit, bye bye...
1:C 04 Jan 2025 14:46:01.669 * oO0OoO0OoO0Oo Redis is starting oO0OoO0OoO0Oo
1:C 04 Jan 2025 14:46:01.670 * Redis version=7.4.1, bits=64, commit=00000000, modified=0, pid=1, just started
1:C 04 Jan 2025 14:46:01.671 * Configuration loaded
1:M 04 Jan 2025 14:46:01.673 * monotonic clock: POSIX clock_gettime
1:M 04 Jan 2025 14:46:01.674 # Failed to write PID file: Permission denied
                _._                                                  
           _.-``__ ''-._                                             
      _.-``    `.  `_.  ''-._           Redis Community Edition      
  .-`` .-```.  ```\/    _.,_ ''-._     7.4.1 (00000000/0) 64 bit
 (    '      ,       .-`  | `,    )     Running in standalone mode
 |`-._`-...-` __...-.``-._|'` _.-'|     Port: 6379
 |    `-._   `._    /     _.-'    |     PID: 1
  `-._    `-._  `-./  _.-'    _.-'                                   
 |`-._`-._    `-.__.-'    _.-'_.-'|                                  
 |    `-._`-._        _.-'_.-'    |           https://redis.io       
  `-._    `-._`-.__.-'_.-'    _.-'                                   
 |`-._`-._    `-.__.-'    _.-'_.-'|                                  
 |    `-._`-._        _.-'_.-'    |                                  
  `-._    `-._`-.__.-'_.-'    _.-'                                   
      `-._    `-.__.-'    _.-'                                       
          `-._        _.-'                                           
              `-.__.-'                                               

1:M 04 Jan 2025 14:46:01.677 * Server initialized
1:M 04 Jan 2025 14:46:01.686 * Reading RDB base file on AOF loading...
1:M 04 Jan 2025 14:46:01.687 * Loading RDB produced by version 7.4.1
1:M 04 Jan 2025 14:46:01.688 * RDB age 13299 seconds
1:M 04 Jan 2025 14:46:01.689 * RDB memory usage when created 0.90 Mb
1:M 04 Jan 2025 14:46:01.690 * RDB is base AOF
1:M 04 Jan 2025 14:46:01.691 * Done loading RDB, keys loaded: 0, keys expired: 0.
1:M 04 Jan 2025 14:46:01.693 * DB loaded from base file appendonly.aof.1.base.rdb: 0.008 seconds
1:M 04 Jan 2025 14:46:01.695 * DB loaded from append only file: 0.014 seconds
1:M 04 Jan 2025 14:46:01.699 * Opening AOF incr file appendonly.aof.1.incr.aof on server start
1:M 04 Jan 2025 14:46:01.700 * Ready to accept connections tcp
